<?xml version="1.0" encoding="UTF-8" ?>
<testsuite tests="91" failures="0" name="org.jsoup.nodes.ElementTest" time="0.001" errors="0" skipped="0">
  <properties>
[...]
</properties>
  <testcase classname="org.jsoup.nodes.ElementTest" name="testFormatOutline" time="0"/>
  <testcase classname="org.jsoup.nodes.ElementTest" name="parentlessToString" time="0"/>
  <testcase classname="org.jsoup.nodes.ElementTest" name="insertChildrenArgumentValidation" time="0"/>
  <testcase classname="org.jsoup.nodes.ElementTest" name="testPrependElement" time="0"/>
  <testcase classname="org.jsoup.nodes.ElementTest" name="testOuterHtml" time="0"/>
  <testcase classname="org.jsoup.nodes.ElementTest" name="testHashcodeIsStableWithContentChanges" time="0"/>
  <testcase classname="org.jsoup.nodes.ElementTest" name="elementByTagName" time="0"/>
  <testcase classname="org.jsoup.nodes.ElementTest" name="testClonesClassnames" time="0"/>
  <testcase classname="org.jsoup.nodes.ElementTest" name="appendMustCorrectlyMoveChildrenInsideOneParentElement" time="0"/>
  <testcase classname="org.jsoup.nodes.ElementTest" name="before" time="0"/>
  <testcase classname="org.jsoup.nodes.ElementTest" name="testRemoveBeforeIndex" time="0"/>
  <testcase classname="org.jsoup.nodes.ElementTest" name="testChainedRemoveAttributes" time="0"/>
  <testcase classname="org.jsoup.nodes.ElementTest" name="booleanAttributeOutput" time="0"/>
  <testcase classname="org.jsoup.nodes.ElementTest" name="testAddNewHtml" time="0"/>
  <testcase classname="org.jsoup.nodes.ElementTest" name="testAddNewText" time="0"/>
  <testcase classname="org.jsoup.nodes.ElementTest" name="testGetElementById" time="0"/>
  <testcase classname="org.jsoup.nodes.ElementTest" name="testClone" time="0"/>
  <testcase classname="org.jsoup.nodes.ElementTest" name="testHtmlContainsOuter" time="0"/>
  <testcase classname="org.jsoup.nodes.ElementTest" name="testClassDomMethods" time="0"/>
  <testcase classname="org.jsoup.nodes.ElementTest" name="testWrap" time="0"/>
  <testcase classname="org.jsoup.nodes.ElementTest" name="testNamespacedElements" time="0"/>
  <testcase classname="org.jsoup.nodes.ElementTest" name="testClassNames" time="0"/>
  <testcase classname="org.jsoup.nodes.ElementTest" name="testElementSiblingIndex" time="0"/>
  <testcase classname="org.jsoup.nodes.ElementTest" name="testIs" time="0"/>
  <testcase classname="org.jsoup.nodes.ElementTest" name="testEmptyElementFormatHtml" time="0"/>
  <testcase classname="org.jsoup.nodes.ElementTest" name="testLoopedRemoveAttributes" time="0"/>
  <testcase classname="org.jsoup.nodes.ElementTest" name="testShadowElementsAreUpdated" time="0"/>
  <testcase classname="org.jsoup.nodes.ElementTest" name="testKeepsPreTextAtDepth" time="0"/>
  <testcase classname="org.jsoup.nodes.ElementTest" name="testGetElementsWithAttribute" time="0"/>
  <testcase classname="org.jsoup.nodes.ElementTest" name="testNoIndentOnScriptAndStyle" time="0"/>
  <testcase classname="org.jsoup.nodes.ElementTest" name="testAppendRowToTable" time="0"/>
  <testcase classname="org.jsoup.nodes.ElementTest" name="testGetElementsWithClass" time="0"/>
  <testcase classname="org.jsoup.nodes.ElementTest" name="testShallowClone" time="0"/>
  <testcase classname="org.jsoup.nodes.ElementTest" name="testWrapWithRemainder" time="0"/>
  <testcase classname="org.jsoup.nodes.ElementTest" name="testKeepsPreTextInCode" time="0"/>
  <testcase classname="org.jsoup.nodes.ElementTest" name="testHasClassDomMethods" time="0"/>
  <testcase classname="org.jsoup.nodes.ElementTest" name="testGetParents" time="0"/>
  <testcase classname="org.jsoup.nodes.ElementTest" name="testGetText" time="0"/>
  <testcase classname="org.jsoup.nodes.ElementTest" name="getElementsByTagName" time="0"/>
  <testcase classname="org.jsoup.nodes.ElementTest" name="testFormatHtml" time="0"/>
  <testcase classname="org.jsoup.nodes.ElementTest" name="testGetElementsWithAttributeValue" time="0"/>
  <testcase classname="org.jsoup.nodes.ElementTest" name="testWholeText" time="0"/>
  <testcase classname="org.jsoup.nodes.ElementTest" name="testGetElementsWithAttributeDash" time="0"/>
  <testcase classname="org.jsoup.nodes.ElementTest" name="testManipulateTextNodes" time="0"/>
  <testcase classname="org.jsoup.nodes.ElementTest" name="testChildThrowsIndexOutOfBoundsOnMissing" time="0"/>
  <testcase classname="org.jsoup.nodes.ElementTest" name="testPrependRowToTable" time="0"/>
  <testcase classname="org.jsoup.nodes.ElementTest" name="testGetTextNodes" time="0"/>
  <testcase classname="org.jsoup.nodes.ElementTest" name="after" time="0"/>
  <testcase classname="org.jsoup.nodes.ElementTest" name="testContainerOutput" time="0"/>
  <testcase classname="org.jsoup.nodes.ElementTest" name="testInnerHtml" time="0"/>
  <testcase classname="org.jsoup.nodes.ElementTest" name="testHasText" time="0"/>
  <testcase classname="org.jsoup.nodes.ElementTest" name="testGetDataNodes" time="0"/>
  <testcase classname="org.jsoup.nodes.ElementTest" name="testCssPath" time="0"/>
  <testcase classname="org.jsoup.nodes.ElementTest" name="testSetHtmlTitle" time="0"/>
  <testcase classname="org.jsoup.nodes.ElementTest" name="testChildrenElements" time="0.001"/>
  <testcase classname="org.jsoup.nodes.ElementTest" name="moveByAppend" time="0"/>
  <testcase classname="org.jsoup.nodes.ElementTest" name="testNormalisesText" time="0"/>
  <testcase classname="org.jsoup.nodes.ElementTest" name="testClassUpdates" time="0"/>
  <testcase classname="org.jsoup.nodes.ElementTest" name="testAddNewElement" time="0"/>
  <testcase classname="org.jsoup.nodes.ElementTest" name="testHashAndEqualsAndValue" time="0"/>
  <testcase classname="org.jsoup.nodes.ElementTest" name="testElementSiblingIndexSameContent" time="0"/>
  <testcase classname="org.jsoup.nodes.ElementTest" name="testGetChildText" time="0"/>
  <testcase classname="org.jsoup.nodes.ElementTest" name="testRelativeUrls" time="0"/>
  <testcase classname="org.jsoup.nodes.ElementTest" name="testSetIndent" time="0"/>
  <testcase classname="org.jsoup.nodes.ElementTest" name="testThrowsOnAddNullText" time="0"/>
  <testcase classname="org.jsoup.nodes.ElementTest" name="testGetSiblingsWithDuplicateContent" time="0"/>
  <testcase classname="org.jsoup.nodes.ElementTest" name="testNormalizesInvisiblesInText" time="0"/>
  <testcase classname="org.jsoup.nodes.ElementTest" name="insertChildrenAsCopy" time="0"/>
  <testcase classname="org.jsoup.nodes.ElementTest" name="testTagNameSet" time="0"/>
  <testcase classname="org.jsoup.nodes.ElementTest" name="dataset" time="0"/>
  <testcase classname="org.jsoup.nodes.ElementTest" name="testPrependText" time="0"/>
  <testcase classname="org.jsoup.nodes.ElementTest" name="testNormalizesNbspInText" time="0"/>
  <testcase classname="org.jsoup.nodes.ElementTest" name="testRemoveAfterIndex" time="0"/>
  <testcase classname="org.jsoup.nodes.ElementTest" name="testThrowsOnPrependNullText" time="0"/>
  <testcase classname="org.jsoup.nodes.ElementTest" name="testGetSiblings" time="0"/>
  <testcase classname="org.jsoup.nodes.ElementTest" name="testSetHtml" time="0"/>
  <testcase classname="org.jsoup.nodes.ElementTest" name="testSetText" time="0"/>
  <testcase classname="org.jsoup.nodes.ElementTest" name="testAddBooleanAttribute" time="0"/>
  <testcase classname="org.jsoup.nodes.ElementTest" name="textHasSpaceAfterBlockTags" time="0"/>
  <testcase classname="org.jsoup.nodes.ElementTest" name="whiteSpaceClassElement" time="0"/>
  <testcase classname="org.jsoup.nodes.ElementTest" name="classNamesAndAttributeNameIsCaseInsensitive" time="0"/>
  <testcase classname="org.jsoup.nodes.ElementTest" name="testPrependNewHtml" time="0"/>
  <testcase classname="org.jsoup.nodes.ElementTest" name="testRemovingEmptyClassAttributeWhenLastClassRemoved" time="0"/>
  <testcase classname="org.jsoup.nodes.ElementTest" name="testBrHasSpace" time="0"/>
  <testcase classname="org.jsoup.nodes.ElementTest" name="testKeepsPreText" time="0"/>
  <testcase classname="org.jsoup.nodes.ElementTest" name="testNotPretty" time="0"/>
  <testcase classname="org.jsoup.nodes.ElementTest" name="testNextElementSiblingAfterClone" time="0"/>
  <testcase classname="org.jsoup.nodes.ElementTest" name="testAppendTo" time="0"/>
  <testcase classname="org.jsoup.nodes.ElementTest" name="getNamespacedElementsByTag" time="0"/>
  <testcase classname="org.jsoup.nodes.ElementTest" name="insertChildrenAtPosition" time="0"/>
  <testcase classname="org.jsoup.nodes.ElementTest" name="elementIsNotASiblingOfItself" time="0"/>
</testsuite>